-------------------------------------------------------------------------------
Test set: inito.filesystem.EchoCommandTest
-------------------------------------------------------------------------------
Tests run: 1, Failures: 1, Errors: 0, Skipped: 0, Time elapsed: 0.002 s <<< FAILURE! - in inito.filesystem.EchoCommandTest
execute(inito.filesystem.EchoCommandTest)  Time elapsed: 0 s  <<< FAILURE!
java.lang.AssertionError: expected:<Hello, World!> but was:<null>
	at inito.filesystem.EchoCommandTest.execute(EchoCommandTest.java:17)

