-------------------------------------------------------------------------------
Test set: inito.filesystem.MkdirCommandTest
-------------------------------------------------------------------------------
Tests run: 1, Failures: 1, Errors: 0, Skipped: 0, Time elapsed: 0 s <<< FAILURE! - in inito.filesystem.MkdirCommandTest
execute(inito.filesystem.MkdirCommandTest)  Time elapsed: 0 s  <<< FAILURE!
java.lang.AssertionError
	at inito.filesystem.MkdirCommandTest.execute(MkdirCommandTest.java:17)

