-------------------------------------------------------------------------------
Test set: inito.filesystem.CpCommandTest
-------------------------------------------------------------------------------
Tests run: 1, Failures: 1, Errors: 0, Skipped: 0, Time elapsed: 0.001 s <<< FAILURE! - in inito.filesystem.CpCommandTest
execute(inito.filesystem.CpCommandTest)  Time elapsed: 0 s  <<< FAILURE!
java.lang.AssertionError
	at inito.filesystem.CpCommandTest.execute(CpCommandTest.java:25)

