-------------------------------------------------------------------------------
Test set: inito.filesystem.CdCommandTest
-------------------------------------------------------------------------------
Tests run: 1, Failures: 1, Errors: 0, Skipped: 0, Time elapsed: 0.007 s <<< FAILURE! - in inito.filesystem.CdCommandTest
execute(inito.filesystem.CdCommandTest)  Time elapsed: 0 s  <<< FAILURE!
org.junit.ComparisonFailure: expected:</[new_directory]> but was:</[]>
	at inito.filesystem.CdCommandTest.execute(CdCommandTest.java:17)

